<?xml version="1.0" encoding="UTF-8"?>
<!-- Generated by org.testng.reporters.JUnitReportReporter -->
<testsuite hostname="KARTIK-SHARMA" failures="0" tests="2" name="com.tests.SignupTest" time="4.988" errors="0" timestamp="2025-04-02T19:37:51 IST" skipped="0">
  <testcase classname="com.tests.SignupTest" name="testValidSignup" time="2.186"/>
  <testcase classname="com.tests.SignupTest" name="testInvalidSignup" time="2.802"/>
</testsuite> <!-- com.tests.SignupTest -->
