<?xml version="1.0" encoding="UTF-8"?>
<!-- Generated by org.testng.reporters.JUnitReportReporter -->
<testsuite hostname="KARTIK-SHARMA" failures="0" tests="2" name="com.tests.e2eWithoutPOM" time="10.907" errors="0" timestamp="2025-04-05T16:14:19 IST" skipped="0">
  <testcase classname="com.tests.e2eWithoutPOM" name="loginSetup" time="0.327"/>
  <testcase classname="com.tests.e2eWithoutPOM" name="fileUploadSetup" time="10.580"/>
</testsuite> <!-- com.tests.e2eWithoutPOM -->
